<?xml version="1.0" encoding="UTF-8"?>
<!-- Generated by org.testng.reporters.JUnitReportReporter -->
<testsuite skipped="0" hostname="Jaspreet-VAIO" name="multipleBrowsersInstances" tests="2" failures="0" timestamp="28 Aug 2019 02:19:50 GMT" time="109.204" errors="0">
  <testcase name="mailTest" time="70.635" classname="multipleBrowsersInstances"/>
  <testcase name="mailTest" time="38.569" classname="multipleBrowsersInstances"/>
</testsuite> <!-- multipleBrowsersInstances -->
